<?xml version="1.0" encoding="UTF-8"?>
<!-- Generated by org.testng.reporters.JUnitXMLReporter -->
<testsuite ignored="0" hostname="Sadgi" failures="0" tests="6" name="Default test" time="0.066" errors="0" timestamp="2026-08-24T10:47:57 CEST">
  <testcase classname="com.corejava.strings.SortStringTest" name="testSortString_AlreadySortedTest" time="0.012"/>
  <testcase classname="com.corejava.strings.SortStringTest" name="testSortString_BlankInputTest" time="0.001"/>
  <testcase classname="com.corejava.strings.SortStringTest" name="testSortString_HappyPathTest" time="0.0"/>
  <testcase classname="com.corejava.strings.SortStringTest" name="testSortString_NullInputTest" time="0.002"/>
  <testcase classname="com.corejava.strings.SortStringTest" name="testSortString_ReverseOrderTest" time="0.002"/>
  <testcase classname="com.corejava.strings.SortStringTest" name="testSortString_SingleCharacterTest" time="0.001"/>
</testsuite> <!-- Default test -->
