<?xml version="1.0" encoding="UTF-8"?>
<testng-results ignored="0" total="6" passed="6" failed="0" skipped="0">
  <reporter-output>
  </reporter-output>
  <suite started-at="2026-08-24T10:47:57 CEST" name="Default suite" finished-at="2026-08-24T10:47:57 CEST" duration-ms="66">
    <groups>
    </groups>
    <test started-at="2026-08-24T10:47:57 CEST" name="Default test" finished-at="2026-08-24T10:47:57 CEST" duration-ms="66">
      <class name="com.corejava.strings.SortStringTest">
        <test-method signature="testSortString_AlreadySortedTest()[pri:0, instance:com.corejava.strings.SortStringTest@1d2adfbe]" started-at="2026-08-24T10:47:57 CEST" name="testSortString_AlreadySortedTest" finished-at="2026-08-24T10:47:57 CEST" duration-ms="12" status="PASS">
          <reporter-output>
          </reporter-output>
        </test-method> <!-- testSortString_AlreadySortedTest -->
        <test-method signature="testSortString_BlankInputTest()[pri:0, instance:com.corejava.strings.SortStringTest@1d2adfbe]" started-at="2026-08-24T10:47:57 CEST" name="testSortString_BlankInputTest" finished-at="2026-08-24T10:47:57 CEST" duration-ms="1" status="PASS">
          <reporter-output>
          </reporter-output>
        </test-method> <!-- testSortString_BlankInputTest -->
        <test-method signature="testSortString_HappyPathTest()[pri:0, instance:com.corejava.strings.SortStringTest@1d2adfbe]" started-at="2026-08-24T10:47:57 CEST" name="testSortString_HappyPathTest" finished-at="2026-08-24T10:47:57 CEST" duration-ms="0" status="PASS">
          <reporter-output>
          </reporter-output>
        </test-method> <!-- testSortString_HappyPathTest -->
        <test-method signature="testSortString_NullInputTest()[pri:0, instance:com.corejava.strings.SortStringTest@1d2adfbe]" started-at="2026-08-24T10:47:57 CEST" name="testSortString_NullInputTest" finished-at="2026-08-24T10:47:57 CEST" duration-ms="2" status="PASS">
          <reporter-output>
          </reporter-output>
        </test-method> <!-- testSortString_NullInputTest -->
        <test-method signature="testSortString_ReverseOrderTest()[pri:0, instance:com.corejava.strings.SortStringTest@1d2adfbe]" started-at="2026-08-24T10:47:57 CEST" name="testSortString_ReverseOrderTest" finished-at="2026-08-24T10:47:57 CEST" duration-ms="2" status="PASS">
          <reporter-output>
          </reporter-output>
        </test-method> <!-- testSortString_ReverseOrderTest -->
        <test-method signature="testSortString_SingleCharacterTest()[pri:0, instance:com.corejava.strings.SortStringTest@1d2adfbe]" started-at="2026-08-24T10:47:57 CEST" name="testSortString_SingleCharacterTest" finished-at="2026-08-24T10:47:57 CEST" duration-ms="1" status="PASS">
          <reporter-output>
          </reporter-output>
        </test-method> <!-- testSortString_SingleCharacterTest -->
      </class> <!-- com.corejava.strings.SortStringTest -->
    </test> <!-- Default test -->
  </suite> <!-- Default suite -->
</testng-results>
