<?xml version="1.0" encoding="UTF-8"?>
<!-- Generated by org.testng.reporters.JUnitReportReporter -->
<testsuite hostname="Sadgi" failures="0" tests="4" name="com.corejava.strings.ReverseStringUsingStringBuilderTest" time="0.242" errors="0" timestamp="2026-08-23T15:24:05 CEST" skipped="0">
  <testcase classname="com.corejava.strings.ReverseStringUsingStringBuilderTest" name="findReverseStringTest" time="0.038"/>
  <testcase classname="com.corejava.strings.ReverseStringUsingStringBuilderTest" name="testReverseWithBlankInput" time="0.005"/>
  <testcase classname="com.corejava.strings.ReverseStringUsingStringBuilderTest" name="testReverseWithNullInput" time="0.004"/>
  <testcase classname="com.corejava.strings.ReverseStringUsingStringBuilderTest" name="reverseStringWithAssertJTest" time="0.195"/>
</testsuite> <!-- com.corejava.strings.ReverseStringUsingStringBuilderTest -->
