<?xml version="1.0" encoding="UTF-8"?>
<!-- Generated by org.testng.reporters.JUnitReportReporter -->
<testsuite hostname="Sadgi" failures="0" tests="3" name="com.corejava.arrays.FindAnagramUsingArraysTest" time="0.016" errors="0" timestamp="2026-08-23T00:18:28 CEST" skipped="0">
  <testcase classname="com.corejava.arrays.FindAnagramUsingArraysTest" name="testEdgeCases" time="0.011"/>
  <testcase classname="com.corejava.arrays.FindAnagramUsingArraysTest" name="testInvalidAnagrams" time="0.003"/>
  <testcase classname="com.corejava.arrays.FindAnagramUsingArraysTest" name="testValidAnagrams" time="0.002"/>
</testsuite> <!-- com.corejava.arrays.FindAnagramUsingArraysTest -->
