<?xml version="1.0" encoding="UTF-8"?>
<!-- Generated by org.testng.reporters.JUnitReportReporter -->
<testsuite hostname="Sadgi" failures="0" tests="7" name="com.corejava.strings.LastNonRepeatingCharacterUsingMapsTest" time="0.023" errors="0" timestamp="2026-08-23T00:16:02 CEST" skipped="0">
  <testcase classname="com.corejava.strings.LastNonRepeatingCharacterUsingMapsTest" name="testLastNonRepeatingChar_nonunique" time="0.002"/>
  <testcase classname="com.corejava.strings.LastNonRepeatingCharacterUsingMapsTest" name="testLastNonRepeatingChar_uppercase" time="0.002"/>
  <testcase classname="com.corejava.strings.LastNonRepeatingCharacterUsingMapsTest" name="testLastNonRepeatingChar_nullString" time="0.002"/>
  <testcase classname="com.corejava.strings.LastNonRepeatingCharacterUsingMapsTest" name="testLastNonRepeatingChar_allunique" time="0.001"/>
  <testcase classname="com.corejava.strings.LastNonRepeatingCharacterUsingMapsTest" name="testLastNonRepeatingChar_emptyString" time="0.002"/>
  <testcase classname="com.corejava.strings.LastNonRepeatingCharacterUsingMapsTest" name="testLastNonRepeatingChar" time="0.012"/>
  <testcase classname="com.corejava.strings.LastNonRepeatingCharacterUsingMapsTest" name="testLastNonRepeatingChar_singlechar" time="0.002"/>
</testsuite> <!-- com.corejava.strings.LastNonRepeatingCharacterUsingMapsTest -->
