<?xml version="1.0" encoding="UTF-8"?>
<!-- Generated by org.testng.reporters.JUnitReportReporter -->
<testsuite hostname="Sadgi" failures="0" tests="6" name="com.corejava.strings.RunLengthEncoderTest" time="0.015" errors="0" timestamp="2026-08-23T17:49:48 CEST" skipped="0">
  <testcase classname="com.corejava.strings.RunLengthEncoderTest" name="findNumberOfOccurancesInString_Test" time="0.001"/>
  <testcase classname="com.corejava.strings.RunLengthEncoderTest" name="findNumberOfOccurancesInString_UniqueCharsTest" time="0.001"/>
  <testcase classname="com.corejava.strings.RunLengthEncoderTest" name="findNumberOfOccurancesInString_SingleCharTest" time="0.001"/>
  <testcase classname="com.corejava.strings.RunLengthEncoderTest" name="findNumberOfOccurancesInString_BlankTest" time="0.001"/>
  <testcase classname="com.corejava.strings.RunLengthEncoderTest" name="findNumberOfOccurancesInString_AllSameCharsTest" time="0.009"/>
  <testcase classname="com.corejava.strings.RunLengthEncoderTest" name="findNumberOfOccurancesInString_NullTest" time="0.002"/>
</testsuite> <!-- com.corejava.strings.RunLengthEncoderTest -->
