<?xml version="1.0" encoding="UTF-8"?>
<!-- Generated by org.testng.reporters.JUnitReportReporter -->
<testsuite hostname="Sadgi" failures="0" tests="7" name="com.corejava.strings.PalindromeWithStringBuilderTest" time="0.020" errors="0" timestamp="2026-08-23T00:46:31 CEST" skipped="0">
  <testcase classname="com.corejava.strings.PalindromeWithStringBuilderTest" name="isNumericPalindrom_test" time="0.001"/>
  <testcase classname="com.corejava.strings.PalindromeWithStringBuilderTest" name="isUpperCasePalindrom_test" time="0.001"/>
  <testcase classname="com.corejava.strings.PalindromeWithStringBuilderTest" name="isPalindrom_test" time="0.001"/>
  <testcase classname="com.corejava.strings.PalindromeWithStringBuilderTest" name="isNotPalindrom_test" time="0.001"/>
  <testcase classname="com.corejava.strings.PalindromeWithStringBuilderTest" name="isNullPalindrom_test" time="0.001"/>
  <testcase classname="com.corejava.strings.PalindromeWithStringBuilderTest" name="isCharPalindrom_test" time="0.013"/>
  <testcase classname="com.corejava.strings.PalindromeWithStringBuilderTest" name="isSpacePalindrom_test" time="0.002"/>
</testsuite> <!-- com.corejava.strings.PalindromeWithStringBuilderTest -->
