<?xml version="1.0" encoding="UTF-8"?>
<!-- Generated by org.testng.reporters.JUnitReportReporter -->
<testsuite hostname="Sadgi" failures="0" tests="3" name="com.corejava.datastructures.CharacterFreqCounterUsingHashMapTest" time="0.011" errors="0" timestamp="2026-08-23T18:00:23 CEST" skipped="0">
  <testcase classname="com.corejava.datastructures.CharacterFreqCounterUsingHashMapTest" name="findNumberOfOccurancesInString_AllUniqueTest" time="0.001"/>
  <testcase classname="com.corejava.datastructures.CharacterFreqCounterUsingHashMapTest" name="findNumberOfOccurancesInString_Test" time="0.001"/>
  <testcase classname="com.corejava.datastructures.CharacterFreqCounterUsingHashMapTest" name="findNumberOfOccurancesInString_AllSameTest" time="0.009"/>
</testsuite> <!-- com.corejava.datastructures.CharacterFreqCounterUsingHashMapTest -->
