<?xml version="1.0" encoding="UTF-8"?>
<!-- Generated by org.testng.reporters.JUnitReportReporter -->
<testsuite hostname="Sadgi" failures="0" tests="7" name="com.corejava.strings.PalindromeWithTwoPointersTest" time="0.017" errors="0" timestamp="2026-08-23T15:46:38 CEST" skipped="0">
  <testcase classname="com.corejava.strings.PalindromeWithTwoPointersTest" name="isCharPalindrom_test" time="0.009"/>
  <testcase classname="com.corejava.strings.PalindromeWithTwoPointersTest" name="isNumericPalindrom_test" time="0.001"/>
  <testcase classname="com.corejava.strings.PalindromeWithTwoPointersTest" name="isUpperCasePalindrom_test" time="0.001"/>
  <testcase classname="com.corejava.strings.PalindromeWithTwoPointersTest" name="isPalindrom_test" time="0.002"/>
  <testcase classname="com.corejava.strings.PalindromeWithTwoPointersTest" name="isNullPalindrom_test" time="0.001"/>
  <testcase classname="com.corejava.strings.PalindromeWithTwoPointersTest" name="isSpacePalindrom_test" time="0.001"/>
  <testcase classname="com.corejava.strings.PalindromeWithTwoPointersTest" name="isNotPalindrom_test" time="0.002"/>
</testsuite> <!-- com.corejava.strings.PalindromeWithTwoPointersTest -->
