<?xml version="1.0" encoding="UTF-8"?>
<!-- Generated by org.testng.reporters.JUnitReportReporter -->
<testsuite hostname="Sadgi" failures="0" tests="6" name="com.corejava.strings.SortStringTest" time="0.018" errors="0" timestamp="2026-08-24T10:47:57 CEST" skipped="0">
  <testcase classname="com.corejava.strings.SortStringTest" name="testSortString_ReverseOrderTest" time="0.002"/>
  <testcase classname="com.corejava.strings.SortStringTest" name="testSortString_SingleCharacterTest" time="0.001"/>
  <testcase classname="com.corejava.strings.SortStringTest" name="testSortString_NullInputTest" time="0.002"/>
  <testcase classname="com.corejava.strings.SortStringTest" name="testSortString_BlankInputTest" time="0.001"/>
  <testcase classname="com.corejava.strings.SortStringTest" name="testSortString_AlreadySortedTest" time="0.012"/>
  <testcase classname="com.corejava.strings.SortStringTest" name="testSortString_HappyPathTest" time="0.000"/>
</testsuite> <!-- com.corejava.strings.SortStringTest -->
