<?xml version="1.0" encoding="UTF-8"?>
<!-- Generated by org.testng.reporters.JUnitReportReporter -->
<testsuite hostname="Sadgi" failures="0" tests="3" name="com.corejava.datastructures.FindAnagramUsingHashMapTest" time="0.013" errors="0" timestamp="2026-08-21T19:09:59 CEST" skipped="0">
  <testcase classname="com.corejava.datastructures.FindAnagramUsingHashMapTest" name="testNonAnagrams" time="0.001"/>
  <testcase classname="com.corejava.datastructures.FindAnagramUsingHashMapTest" name="testEdgeCases" time="0.011"/>
  <testcase classname="com.corejava.datastructures.FindAnagramUsingHashMapTest" name="testValidAnagrams" time="0.001"/>
</testsuite> <!-- com.corejava.datastructures.FindAnagramUsingHashMapTest -->
