<?xml version="1.0" encoding="UTF-8"?>
<!-- Generated by org.testng.reporters.JUnitReportReporter -->
<testsuite hostname="Sadgi" failures="0" tests="7" name="com.corejava.strings.FirstNonRepeatingCharacterUsingMapsTest" time="0.021" errors="0" timestamp="2026-08-23T00:16:54 CEST" skipped="0">
  <testcase classname="com.corejava.strings.FirstNonRepeatingCharacterUsingMapsTest" name="testFirstNonRepeatingChar_nonunique" time="0.001"/>
  <testcase classname="com.corejava.strings.FirstNonRepeatingCharacterUsingMapsTest" name="testFirstNonRepeatingChar_uppercase" time="0.001"/>
  <testcase classname="com.corejava.strings.FirstNonRepeatingCharacterUsingMapsTest" name="testFirstNonRepeatingChar_nullString" time="0.003"/>
  <testcase classname="com.corejava.strings.FirstNonRepeatingCharacterUsingMapsTest" name="testFirstNonRepeatingChar_allunique" time="0.001"/>
  <testcase classname="com.corejava.strings.FirstNonRepeatingCharacterUsingMapsTest" name="testFirstNonRepeatingChar_emptyString" time="0.001"/>
  <testcase classname="com.corejava.strings.FirstNonRepeatingCharacterUsingMapsTest" name="testFirstNonRepeatingChar" time="0.012"/>
  <testcase classname="com.corejava.strings.FirstNonRepeatingCharacterUsingMapsTest" name="testFirstNonRepeatingChar_singlechar" time="0.002"/>
</testsuite> <!-- com.corejava.strings.FirstNonRepeatingCharacterUsingMapsTest -->
